<?xml version="1.0" encoding="UTF-8"?>
<!-- Generated by org.testng.reporters.JUnitReportReporter -->
<testsuite hostname="ABA-221-PC" failures="0" tests="1" name="com.pharmcrm.pharmcrm_product.runner.TestNGRunner" time="146.412" errors="0" timestamp="2025-08-12T11:08:25 IST" skipped="0">
  <testcase classname="com.pharmcrm.pharmcrm_product.runner.TestNGRunner" name="runScenario" time="146.412"/>
</testsuite> <!-- com.pharmcrm.pharmcrm_product.runner.TestNGRunner -->
