<?xml version="1.0" encoding="UTF-8"?>
<!-- Generated by org.testng.reporters.JUnitReportReporter -->
<testsuite hostname="CP14" failures="0" tests="1" name="com.pharmcrm.pharmcrm_product.FacebookTest" time="4.828" errors="0" timestamp="2025-07-15T09:16:13 IST" skipped="0">
  <testcase classname="com.pharmcrm.pharmcrm_product.FacebookTest" name="testFacebookHomePage" time="4.828"/>
</testsuite> <!-- com.pharmcrm.pharmcrm_product.FacebookTest -->
