<?xml version="1.0" encoding="UTF-8"?>
<!-- Generated by org.testng.reporters.JUnitReportReporter -->
<testsuite hostname="ABA-221-PC" failures="0" tests="1" name="com.pharmcrm.pharmcrm_product.runner.TestNGRunner" time="85.057" errors="0" timestamp="2025-08-14T11:23:49 IST" skipped="0">
  <testcase classname="com.pharmcrm.pharmcrm_product.runner.TestNGRunner" name="runScenario" time="85.057"/>
</testsuite> <!-- com.pharmcrm.pharmcrm_product.runner.TestNGRunner -->
