<?xml version="1.0" encoding="UTF-8"?>
<!-- Generated by org.testng.reporters.JUnitReportReporter -->
<testsuite hostname="ABA-221-PC" failures="0" tests="1" name="com.pharmcrm.pharmcrm_product.runner.TestNGRunner" time="82.217" errors="0" timestamp="2025-08-22T16:50:34 IST" skipped="0">
  <testcase classname="com.pharmcrm.pharmcrm_product.runner.TestNGRunner" name="runScenario" time="82.217"/>
</testsuite> <!-- com.pharmcrm.pharmcrm_product.runner.TestNGRunner -->
