<?xml version="1.0" encoding="UTF-8"?>
<!-- Generated by org.testng.reporters.JUnitReportReporter -->
<testsuite hostname="CP14" failures="0" tests="1" name="com.pharmcrm.pharmcrm_product.FacebookTest" time="2.947" errors="0" timestamp="2025-07-02T16:59:51 IST" skipped="0">
  <testcase classname="com.pharmcrm.pharmcrm_product.FacebookTest" name="testFacebookHomePage" time="2.947"/>
</testsuite> <!-- com.pharmcrm.pharmcrm_product.FacebookTest -->
