<?xml version="1.0" encoding="UTF-8"?>
<!-- Generated by org.testng.reporters.JUnitReportReporter -->
<testsuite hostname="CP14" failures="0" tests="1" name="com.pharmcrm.pharmcrm_product.runner.TestRunner" time="0.098" errors="0" timestamp="2025-07-18T11:13:14 IST" skipped="0">
  <testcase classname="com.pharmcrm.pharmcrm_product.runner.TestRunner" name="runScenario" time="0.098"/>
</testsuite> <!-- com.pharmcrm.pharmcrm_product.runner.TestRunner -->
