<?xml version="1.0" encoding="UTF-8"?>
<!-- Generated by org.testng.reporters.JUnitReportReporter -->
<testsuite hostname="CP14" failures="0" tests="1" name="com.pharmcrm.pharmcrm_product.UsermanagementTest1" time="53.147" errors="0" timestamp="2025-07-17T14:48:24 IST" skipped="0">
  <testcase classname="com.pharmcrm.pharmcrm_product.UsermanagementTest1" name="testFullUserProfileFlow" time="53.147"/>
</testsuite> <!-- com.pharmcrm.pharmcrm_product.UsermanagementTest1 -->
