<?xml version="1.0" encoding="UTF-8"?>
<!-- Generated by org.testng.reporters.JUnitReportReporter -->
<testsuite hostname="CP14" failures="0" tests="1" name="com.pharmcrm.pharmcrm_product.FacebookTest" time="3.033" errors="0" timestamp="2025-07-02T12:42:10 IST" skipped="0">
  <testcase classname="com.pharmcrm.pharmcrm_product.FacebookTest" name="testFacebookHomePage" time="3.033"/>
</testsuite> <!-- com.pharmcrm.pharmcrm_product.FacebookTest -->
