<?xml version="1.0" encoding="UTF-8"?>
<!-- Generated by org.testng.reporters.JUnitReportReporter -->
<testsuite hostname="CP14" failures="0" tests="1" name="com.pharmcrm.pharmcrm_product.crm$GoogleTest" time="2.645" errors="0" timestamp="2025-07-02T10:16:42 IST" skipped="0">
  <testcase classname="com.pharmcrm.pharmcrm_product.crm$GoogleTest" name="testGoogleSearch" time="2.645"/>
</testsuite> <!-- com.pharmcrm.pharmcrm_product.crm$GoogleTest -->
