<?xml version="1.0" encoding="UTF-8"?>
<!-- Generated by org.testng.reporters.JUnitReportReporter -->
<testsuite hostname="CP14" failures="0" tests="1" name="com.pharmcrm.pharmcrm_product.Crm" time="8.005" errors="0" timestamp="2025-07-04T09:33:04 IST" skipped="0">
  <testcase classname="com.pharmcrm.pharmcrm_product.Crm" name="Login" time="8.005"/>
</testsuite> <!-- com.pharmcrm.pharmcrm_product.Crm -->
