<?xml version="1.0" encoding="UTF-8"?>
<!-- Generated by org.testng.reporters.JUnitReportReporter -->
<testsuite hostname="CP14" failures="0" tests="1" name="com.pharmcrm.pharmcrm_product.GoogleTest" time="10.586" errors="0" timestamp="2025-07-15T09:15:54 IST" skipped="0">
  <testcase classname="com.pharmcrm.pharmcrm_product.GoogleTest" name="testGoogleSearch" time="10.586"/>
</testsuite> <!-- com.pharmcrm.pharmcrm_product.GoogleTest -->
