<?xml version="1.0" encoding="UTF-8"?>
<!-- Generated by org.testng.reporters.JUnitReportReporter -->
<testsuite hostname="CP14" failures="0" tests="1" name="com.pharmcrm.pharmcrm_product.GoogleTest" time="3.637" errors="0" timestamp="2025-07-02T17:48:42 IST" skipped="0">
  <testcase classname="com.pharmcrm.pharmcrm_product.GoogleTest" name="testGoogleSearch" time="3.637"/>
</testsuite> <!-- com.pharmcrm.pharmcrm_product.GoogleTest -->
