<?xml version="1.0" encoding="UTF-8"?>
<!-- Generated by org.testng.reporters.JUnitReportReporter -->
<testsuite hostname="ABA-221-PC" failures="0" tests="1" name="com.pharmcrm.pharmcrm_product.runner.TestNGRunner" time="152.122" errors="1" timestamp="2025-08-21T18:09:12 IST" skipped="0">
  <testcase classname="com.pharmcrm.pharmcrm_product.runner.TestNGRunner" name="runScenario" time="152.122">
    <error message="element not interactable
  (Session info: chrome=139.0.7258.129)
Build info: version: &#039;4.34.0&#039;, revision: &#039;707dcb4246*&#039;
System info: os.name: &#039;Windows 10&#039;, os.arch: &#039;amd64&#039;, os.version: &#039;10.0&#039;, java.version: &#039;17.0.12&#039;
Driver info: org.openqa.selenium.chrome.ChromeDriver
Command: [6c81f35d72c1df4a005ad88099d04cbc, sendKeysToElement {id=f.DD80C17A4883DBC4F5FE9884178660E0.d.F0A5DF08EC725C3EE3E8B987AA5001D8.e.2894, value=[Ljava.lang.CharSequence;@36d34d71}]
Capabilities {acceptInsecureCerts: false, browserName: chrome, browserVersion: 139.0.7258.129, chrome: {chromedriverVersion: 139.0.7258.138 (884e54ea8d4..., userDataDir: C:\Users\MAYURC~1\AppData\L...}, fedcm:accounts: true, goog:chromeOptions: {debuggerAddress: localhost:64164}, networkConnectionEnabled: false, pageLoadStrategy: normal, platformName: windows, proxy: Proxy(), se:cdp: ws://localhost:64164/devtoo..., se:cdpVersion: 139.0.7258.129, setWindowRect: true, strictFileInteractability: false, timeouts: {implicit: 0, pageLoad: 300000, script: 30000}, unhandledPromptBehavior: dismiss and notify, webauthn:extension:credBlob: true, webauthn:extension:largeBlob: true, webauthn:extension:minPinLength: true, webauthn:extension:prf: true, webauthn:virtualAuthenticators: true}
Element: [[ChromeDriver: chrome on windows (6c81f35d72c1df4a005ad88099d04cbc)] -&gt; id: Filter_Email]
Session ID: 6c81f35d72c1df4a005ad88099d04cbc" type="org.openqa.selenium.ElementNotInteractableException">
      <![CDATA[org.openqa.selenium.ElementNotInteractableException: element not interactable
  (Session info: chrome=139.0.7258.129)
Build info: version: '4.34.0', revision: '707dcb4246*'
System info: os.name: 'Windows 10', os.arch: 'amd64', os.version: '10.0', java.version: '17.0.12'
Driver info: org.openqa.selenium.chrome.ChromeDriver
Command: [6c81f35d72c1df4a005ad88099d04cbc, sendKeysToElement {id=f.DD80C17A4883DBC4F5FE9884178660E0.d.F0A5DF08EC725C3EE3E8B987AA5001D8.e.2894, value=[Ljava.lang.CharSequence;@36d34d71}]
Capabilities {acceptInsecureCerts: false, browserName: chrome, browserVersion: 139.0.7258.129, chrome: {chromedriverVersion: 139.0.7258.138 (884e54ea8d4..., userDataDir: C:\Users\MAYURC~1\AppData\L...}, fedcm:accounts: true, goog:chromeOptions: {debuggerAddress: localhost:64164}, networkConnectionEnabled: false, pageLoadStrategy: normal, platformName: windows, proxy: Proxy(), se:cdp: ws://localhost:64164/devtoo..., se:cdpVersion: 139.0.7258.129, setWindowRect: true, strictFileInteractability: false, timeouts: {implicit: 0, pageLoad: 300000, script: 30000}, unhandledPromptBehavior: dismiss and notify, webauthn:extension:credBlob: true, webauthn:extension:largeBlob: true, webauthn:extension:minPinLength: true, webauthn:extension:prf: true, webauthn:virtualAuthenticators: true}
Element: [[ChromeDriver: chrome on windows (6c81f35d72c1df4a005ad88099d04cbc)] -> id: Filter_Email]
Session ID: 6c81f35d72c1df4a005ad88099d04cbc
at java.base/jdk.internal.reflect.NativeConstructorAccessorImpl.newInstance0(Native Method)
at java.base/jdk.internal.reflect.NativeConstructorAccessorImpl.newInstance(NativeConstructorAccessorImpl.java:77)
at java.base/jdk.internal.reflect.DelegatingConstructorAccessorImpl.newInstance(DelegatingConstructorAccessorImpl.java:45)
at java.base/java.lang.reflect.Constructor.newInstanceWithCaller(Constructor.java:499)
at java.base/java.lang.reflect.Constructor.newInstance(Constructor.java:480)
at org.openqa.selenium.remote.ErrorCodec.decode(ErrorCodec.java:167)
at org.openqa.selenium.remote.codec.w3c.W3CHttpResponseCodec.decode(W3CHttpResponseCodec.java:138)
at org.openqa.selenium.remote.codec.w3c.W3CHttpResponseCodec.decode(W3CHttpResponseCodec.java:50)
at org.openqa.selenium.remote.HttpCommandExecutor.execute(HttpCommandExecutor.java:215)
at org.openqa.selenium.remote.service.DriverCommandExecutor.invokeExecute(DriverCommandExecutor.java:216)
at org.openqa.selenium.remote.service.DriverCommandExecutor.execute(DriverCommandExecutor.java:174)
at org.openqa.selenium.remote.RemoteWebDriver.execute(RemoteWebDriver.java:544)
at org.openqa.selenium.remote.RemoteWebElement.execute(RemoteWebElement.java:223)
at org.openqa.selenium.remote.RemoteWebElement.sendKeys(RemoteWebElement.java:110)
at com.pharmcrm.pharmcrm_product.steps.UserManagementSteps.waitAndSendKeys(UserManagementSteps.java:7094)
at com.pharmcrm.pharmcrm_product.steps.UserManagementSteps.resetPassword(UserManagementSteps.java:3482)
at âœ½.I reset the user's password(file:///C:/Users/MayurChauhan/eclipse-workspace/pharmcrm-product/src/test/resources/Features/UserManagement.feature:1376)
]]>
    </error>
  </testcase> <!-- runScenario -->
</testsuite> <!-- com.pharmcrm.pharmcrm_product.runner.TestNGRunner -->
